{"logTime": "1127/015004", "correlationVector":"AKMebHZjrmyXzYG70BK+q9.1","action":"SyncServerConnectionManagerRequest", "result":"SYNC_SERVER_OK", "context":{"environment":"Prod_brazilsouth_prod-s01-001-sam-brazilsouth", "migrationStage":"NotStarted", "server":"akswtt22200000p"}}
{"logTime": "1127/015004", "correlationVector":"AKMebHZjrmyXzYG70BK+q9.2","action":"ProcessGetUpdates", "result":"Done", "context":{"dataType":"Encryption Keys", "deleted":"0", "process_failed_to_decrypt":"0", "process_pending_decryption":"0", "process_success":"1", "total":"1"}}
{"logTime": "1127/015004", "correlationVector":"Ct5+pnnFEMZeS6O/k0+ucO","action":"SyncServerConnectionManagerRequest", "result":"SYNC_SERVER_OK", "context":{"environment":"", "migrationStage":"", "server":""}}
{"logTime": "1127/015004", "correlationVector":"Ct5+pnnFEMZeS6O/k0+ucO.0","action":"EncryptionKeysFetcher.DownloadKeys:", "result":"Success", "context":Key count: 10, Last key timestamp: 2025-09-14T18:11:02Z}
{"logTime": "1127/015004", "correlationVector":"Ct5+pnnFEMZeS6O/k0+ucO.1","action":"EncryptionKeysManager::SetEncryptionKeys:", "result":"Success", "context":Key names[10]:[/+vS/vl50FTdYWeWM1o+gSfk7MgoBk5OURS8zQ02QDM0UmHai44pR+zynVlJFn4CkcxR2mmpJFSMfe5eUjkCtg==][7yTjvcUZrUBDdVa+grojwG/0b1BYIPiIsJtezyzGsL9UycvMKJeI94/wma2n78YEOMQrUuFvMXqoMRe3/37BWg==][tbDWGmsAXO/asasb6VD/W/9o/Yh3kq+QOAvhJ3Mzg3uaoIVR7VXQ9n1Pj9UwdlrMVaTnmt4RfXfojBgAjs7Ifw==][kTmdPJ7127OPXLvPJ9Woy84XzsTmPez8vlde/atJQ54DtFT9bBvXI9+yYpEPUDIPC/A7RIzjbEfgXrAStNgHDA==][bv4zyddz/G8RSH2qsi2oqEH/D+KatGg2BPg7u3HDLHcso746E34mHgEr2E7dMdlITMDtWrQq6fyRxTQ01DqQfQ==][jbZcJi2554pDphSjpPueI3RxTq8yTJLM4VFQ93PWjduaACZAPRZWzVtfdM2CyQjYcK8WpLt8+PjMaHXCScaBSg==][iaMvu3PCCoGAAf83c3MJr6nn1CFqG9j41BCnRMa0NBn4gAZMYNvJPRnmqKYzD+pCfelgYrjap+wO/AQKe6VV8w==][39pTuBa66zRINMvZxTfq95wdjfAruNqYdeGttBcJCqyzwAHuKaWL0595E3TCHT62s6ODHB/5EM2VKqVtAna3yQ==][bHPt0fFW+CZ2UFJBsk7wqrMZH1w6JBTNAuGU8dNJMyVTxc/yMPAy1RV066bofNOREJOq2Se0Tczmj/s874WvRA==][FeKWmT/1p06XCStaC3s48m7s50vMFqCm8vNy6B47pSLZ1/hxKSzLJcypob4K33973rdPWES7Gw4NCv2a+oRB/A==]}
{"logTime": "1127/015004", "correlationVector":"Ct5+pnnFEMZeS6O/k0+ucO.2","action":"EncryptionKeysManager::SetEncryptionKeysWithTimestamps:", "result":"Success", "context":Key timestamps[10]:[2023-02-09T23:30:07Z][2023-08-11T01:57:14Z][2024-01-20T22:38:14Z][2024-03-18T03:01:58Z][2024-06-08T21:29:14Z][2024-06-19T02:04:55Z][2024-08-20T03:38:51Z][2024-08-25T14:52:40Z][2025-02-25T04:01:10Z][2025-09-14T18:11:02Z]}
{"logTime": "1127/015004", "correlationVector":"AKMebHZjrmyXzYG70BK+q9","action":"Initial GetUpdates", "result":"", "context":Reason: NEW_CLIENT. cV=AKMebHZjrmyXzYG70BK+q9}
{"logTime": "1127/015004", "correlationVector":"AKMebHZjrmyXzYG70BK+q9.3","action":"GetUpdates Response", "result":"Success", "context":Received 1 update(s). cV=AKMebHZjrmyXzYG70BK+q9.0;server=akswtt22200000p;cloudType=Consumer;environment=Prod_brazilsouth_prod-s01-001-sam-brazilsouth;migrationStage=NotStarted}
{"logTime": "1127/015004", "correlationVector":"CwT5SVJ8yBy3YxPUVX/jAg","action":"Initial GetUpdates", "result":"", "context":Reason: NEWLY_SUPPORTED_DATATYPE. cV=CwT5SVJ8yBy3YxPUVX/jAg}
{"logTime": "1127/015005", "correlationVector":"CwT5SVJ8yBy3YxPUVX/jAg.1","action":"SyncServerConnectionManagerRequest", "result":"SYNC_SERVER_OK", "context":{"environment":"Prod_brazilsouth_prod-s01-001-sam-brazilsouth", "migrationStage":"NotStarted", "server":"akswtt22200000k"}}
{"logTime": "1127/015005", "correlationVector":"CwT5SVJ8yBy3YxPUVX/jAg.2","action":"ProcessGetUpdates", "result":"Done", "context":{"dataType":"Preferences", "deleted":"1", "process_failed_to_decrypt":"0", "process_pending_decryption":"0", "process_success":"67", "total":"67"}}
{"logTime": "1127/015005", "correlationVector":"CwT5SVJ8yBy3YxPUVX/jAg.3","action":"ProcessGetUpdates", "result":"Done", "context":{"dataType":"Passwords", "deleted":"0", "process_failed_to_decrypt":"0", "process_pending_decryption":"0", "process_success":"132", "total":"132"}}
{"logTime": "1127/015005", "correlationVector":"CwT5SVJ8yBy3YxPUVX/jAg.4","action":"ProcessGetUpdates", "result":"Done", "context":{"dataType":"Device Info", "deleted":"0", "process_failed_to_decrypt":"0", "process_pending_decryption":"0", "process_success":"18", "total":"18"}}
{"logTime": "1127/015005", "correlationVector":"CwT5SVJ8yBy3YxPUVX/jAg.5","action":"GetUpdates Response", "result":"Success", "context":Received 217 update(s). cV=CwT5SVJ8yBy3YxPUVX/jAg.0;server=akswtt22200000k;cloudType=Consumer;environment=Prod_brazilsouth_prod-s01-001-sam-brazilsouth;migrationStage=NotStarted}
{"logTime": "1127/015005", "correlationVector":"rCi+2UINAS7sBo03ZnYcOi","action":"Initial GetUpdates", "result":"", "context":Reason: NEWLY_SUPPORTED_DATATYPE. cV=rCi+2UINAS7sBo03ZnYcOi}
{"logTime": "1127/015005", "correlationVector":"rCi+2UINAS7sBo03ZnYcOi.1","action":"SyncServerConnectionManagerRequest", "result":"SYNC_SERVER_OK", "context":{"environment":"Prod_brazilsouth_prod-s01-001-sam-brazilsouth", "migrationStage":"NotStarted", "server":"akswtt222000010"}}
{"logTime": "1127/015005", "correlationVector":"rCi+2UINAS7sBo03ZnYcOi.2","action":"ProcessGetUpdates", "result":"Done", "context":{"dataType":"Bookmarks", "deleted":"0", "process_failed_to_decrypt":"0", "process_pending_decryption":"0", "process_success":"36", "total":"36"}}
{"logTime": "1127/015005", "correlationVector":"rCi+2UINAS7sBo03ZnYcOi.3","action":"GetUpdates Response", "result":"Success", "context":Received 36 update(s). cV=rCi+2UINAS7sBo03ZnYcOi.0;server=akswtt222000010;cloudType=Consumer;environment=Prod_brazilsouth_prod-s01-001-sam-brazilsouth;migrationStage=NotStarted}
{"logTime": "1127/015006", "correlationVector":"4JFrbL6pz+0R8hlLfaaRwZ","action":"Initial GetUpdates", "result":"", "context":Reason: NEWLY_SUPPORTED_DATATYPE. cV=4JFrbL6pz+0R8hlLfaaRwZ}
{"logTime": "1127/015006", "correlationVector":"4JFrbL6pz+0R8hlLfaaRwZ.1","action":"SyncServerConnectionManagerRequest", "result":"SYNC_SERVER_OK", "context":{"environment":"Prod_brazilsouth_prod-s01-001-sam-brazilsouth", "migrationStage":"NotStarted", "server":"akswtt222000007"}}
{"logTime": "1127/015006", "correlationVector":"4JFrbL6pz+0R8hlLfaaRwZ.2","action":"ProcessGetUpdates", "result":"Done", "context":{"dataType":"Autofill Profiles", "deleted":"1", "process_failed_to_decrypt":"0", "process_pending_decryption":"0", "process_success":"6", "total":"6"}}
{"logTime": "1127/015006", "correlationVector":"4JFrbL6pz+0R8hlLfaaRwZ.3","action":"ProcessGetUpdates", "result":"Done", "context":{"dataType":"Autofill", "deleted":"0", "process_failed_to_decrypt":"0", "process_pending_decryption":"0", "process_success":"29", "total":"29"}}
{"logTime": "1127/015006", "correlationVector":"4JFrbL6pz+0R8hlLfaaRwZ.4","action":"ProcessGetUpdates", "result":"Done", "context":{"dataType":"Sessions", "deleted":"5", "process_failed_to_decrypt":"0", "process_pending_decryption":"0", "process_success":"7", "total":"7"}}
{"logTime": "1127/015006", "correlationVector":"4JFrbL6pz+0R8hlLfaaRwZ.5","action":"ProcessGetUpdates", "result":"Done", "context":{"dataType":"Edge Hub App Usage", "deleted":"1", "process_failed_to_decrypt":"0", "process_pending_decryption":"0", "process_success":"7", "total":"7"}}
{"logTime": "1127/015006", "correlationVector":"4JFrbL6pz+0R8hlLfaaRwZ.6","action":"GetUpdates Response", "result":"Success", "context":Received 49 update(s). cV=4JFrbL6pz+0R8hlLfaaRwZ.0;server=akswtt222000007;cloudType=Consumer;environment=Prod_brazilsouth_prod-s01-001-sam-brazilsouth;migrationStage=NotStarted}
{"logTime": "1127/015006", "correlationVector":"wkEePT+hUQhryLyYBniwQI","action":"Initial GetUpdates", "result":"", "context":Reason: NEWLY_SUPPORTED_DATATYPE. cV=wkEePT+hUQhryLyYBniwQI}
{"logTime": "1127/015007", "correlationVector":"wkEePT+hUQhryLyYBniwQI.1","action":"SyncServerConnectionManagerRequest", "result":"SYNC_SERVER_OK", "context":{"environment":"Prod_brazilsouth_prod-s01-001-sam-brazilsouth", "migrationStage":"NotStarted", "server":"akswtt22200000g"}}
{"logTime": "1127/015007", "correlationVector":"wkEePT+hUQhryLyYBniwQI.2","action":"ProcessGetUpdates", "result":"Done", "context":{"dataType":"History", "deleted":"0", "process_failed_to_decrypt":"0", "process_pending_decryption":"0", "process_success":"15", "total":"15"}}
{"logTime": "1127/015007", "correlationVector":"wkEePT+hUQhryLyYBniwQI.3","action":"GetUpdates Response", "result":"Success", "context":Received 15 update(s). cV=wkEePT+hUQhryLyYBniwQI.0;server=akswtt22200000g;cloudType=Consumer;environment=Prod_brazilsouth_prod-s01-001-sam-brazilsouth;migrationStage=NotStarted}
{"logTime": "1127/015007", "correlationVector":"l9aYDOt4d8q2qiCpe3biEv","action":"Normal GetUpdate request", "result":"", "context":cV=l9aYDOt4d8q2qiCpe3biEv
Nudged types: Sessions, Device Info, User Consents
Refresh requested types: Bookmarks, Preferences, Passwords, Autofill Profiles, Autofill, Extensions, Sessions, Extension settings, History Delete Directives, Device Info, User Consents, Send Tab To Self, Web Apps, History, Saved Tab Group, WebAuthn Credentials, Collection, Edge E Drop, Edge Hub App Usage, Edge Wallet, Encryption Keys}
{"logTime": "1127/015007", "correlationVector":"l9aYDOt4d8q2qiCpe3biEv.1","action":"SyncServerConnectionManagerRequest", "result":"SYNC_SERVER_OK", "context":{"environment":"Prod_brazilsouth_prod-s01-001-sam-brazilsouth", "migrationStage":"NotStarted", "server":"akswtt22200000f"}}
{"logTime": "1127/015007", "correlationVector":"l9aYDOt4d8q2qiCpe3biEv.2","action":"GetUpdates Response", "result":"Success", "context":Received 0 update(s). cV=l9aYDOt4d8q2qiCpe3biEv.0;server=akswtt22200000f;cloudType=Consumer;environment=Prod_brazilsouth_prod-s01-001-sam-brazilsouth;migrationStage=NotStarted}
{"logTime": "1127/015008", "correlationVector":"0AAHhVfA/beRns7mltUv7h","action":"DoCompareDataConsistency requsted types: ", "result":"Bookmarks, Preferences, Passwords, Extensions, Extension settings, History Delete Directives, Send Tab To Self, Web Apps, History, Saved Tab Group, WebAuthn Credentials, Collection, Edge E Drop, Edge Wallet, Encryption Keys"}
{"logTime": "1127/015008", "correlationVector":"0AAHhVfA/beRns7mltUv7h.0","action":"CompareDataConsistency result: ", "result":"Compare result: Encryption Keys is consistent. local entities count is: 1 local entities hash is: Jxcm+VbLUIVz9Vc628x1ekfDkoA="}
{"logTime": "1127/015008", "correlationVector":"0AAHhVfA/beRns7mltUv7h.1","action":"CompareDataConsistency result: ", "result":"Compare result: Bookmarks is consistent. local entities count is: 30 local entities hash is: 9gseqyGlKoSHGOzAKh3nGZCYu40="}
{"logTime": "1127/015008", "correlationVector":"0AAHhVfA/beRns7mltUv7h.2","action":"CompareDataConsistency result: ", "result":"Compare result: Preferences is consistent. local entities count is: 66 local entities hash is: iTD1fHKzopbIr2008YDxJcpJ+Kk="}
{"logTime": "1127/015008", "correlationVector":"0AAHhVfA/beRns7mltUv7h.3","action":"CompareDataConsistency result: ", "result":"Compare result: Extensions is consistent. local entities count is: 0 local entities hash is: "}
{"logTime": "1127/015008", "correlationVector":"0AAHhVfA/beRns7mltUv7h.4","action":"CompareDataConsistency result: ", "result":"Compare result: Extension settings is consistent. local entities count is: 0 local entities hash is: "}
{"logTime": "1127/015008", "correlationVector":"0AAHhVfA/beRns7mltUv7h.5","action":"CompareDataConsistency result: ", "result":"Compare result: History Delete Directives is consistent. local entities count is: 0 local entities hash is: "}
{"logTime": "1127/015008", "correlationVector":"0AAHhVfA/beRns7mltUv7h.6","action":"CompareDataConsistency result: ", "result":"Server did not send this Send Tab To Self local entities count is: 0 local entities hash is: "}
{"logTime": "1127/015008", "correlationVector":"0AAHhVfA/beRns7mltUv7h.7","action":"CompareDataConsistency result: ", "result":"Compare result: Web Apps is consistent. local entities count is: 0 local entities hash is: "}
{"logTime": "1127/015008", "correlationVector":"0AAHhVfA/beRns7mltUv7h.8","action":"CompareDataConsistency result: ", "result":"Server did not send this History local entities count is: 0 local entities hash is: "}
{"logTime": "1127/015008", "correlationVector":"0AAHhVfA/beRns7mltUv7h.9","action":"CompareDataConsistency result: ", "result":"Compare result: Saved Tab Group is consistent. local entities count is: 0 local entities hash is: "}
{"logTime": "1127/015008", "correlationVector":"0AAHhVfA/beRns7mltUv7h.10","action":"CompareDataConsistency result: ", "result":"Server did not send this WebAuthn Credentials local entities count is: 0 local entities hash is: "}
{"logTime": "1127/015008", "correlationVector":"0AAHhVfA/beRns7mltUv7h.11","action":"CompareDataConsistency result: ", "result":"Compare result: Collection is consistent. local entities count is: 0 local entities hash is: "}
{"logTime": "1127/015008", "correlationVector":"0AAHhVfA/beRns7mltUv7h.12","action":"CompareDataConsistency result: ", "result":"Compare result: Edge E Drop is consistent. local entities count is: 0 local entities hash is: "}
{"logTime": "1127/015008", "correlationVector":"0AAHhVfA/beRns7mltUv7h.13","action":"CompareDataConsistency result: ", "result":"Compare result: Edge Wallet is consistent. local entities count is: 0 local entities hash is: "}
{"logTime": "1127/015008", "correlationVector":"0AAHhVfA/beRns7mltUv7h.14","action":"CompareDataConsistency result: ", "result":"Compare result: Passwords is consistent. local entities count is: 132 local entities hash is: /eWVaOfylm7LBwB2IXdaPmT90d4="}
{"logTime": "1127/015008", "correlationVector":"xZjq0439IYShPmlr+DqsU2","action":"Commit Request", "result":"", "context":Item count: 5
Contributing types: Sessions, Device Info, User Consents}
{"logTime": "1127/015008", "correlationVector":"xZjq0439IYShPmlr+DqsU2.1","action":"SyncServerConnectionManagerRequest", "result":"SYNC_SERVER_OK", "context":{"environment":"Prod_brazilsouth_prod-s01-001-sam-brazilsouth", "migrationStage":"NotStarted", "server":"akswtt222000012"}}
{"logTime": "1127/015008", "correlationVector":"xZjq0439IYShPmlr+DqsU2.2","action":"Commit Response", "result":"Success", "context":Result: Success. cV=xZjq0439IYShPmlr+DqsU2.0;server=akswtt222000012;cloudType=Consumer;environment=Prod_brazilsouth_prod-s01-001-sam-brazilsouth;migrationStage=NotStarted}
{"logTime": "1127/015008", "correlationVector":"","action":"DIAGNOSTIC_REQUEST|v1/diagnosticData/Diagnostic.SendCheckResult()|SUCCESS", "result":""}
{"logTime": "1127/015037", "correlationVector":"bwMh6RxfJ/2ZwezyPHi2+U","action":"Commit Request", "result":"", "context":Item count: 4
Contributing types: Preferences, Sessions, History}
{"logTime": "1127/015037", "correlationVector":"bwMh6RxfJ/2ZwezyPHi2+U.1","action":"SyncServerConnectionManagerRequest", "result":"SYNC_SERVER_OK", "context":{"environment":"Prod_brazilsouth_prod-s01-001-sam-brazilsouth", "migrationStage":"NotStarted", "server":"akswtt22200000d"}}
{"logTime": "1127/015037", "correlationVector":"bwMh6RxfJ/2ZwezyPHi2+U.2","action":"Commit Response", "result":"Success", "context":Result: Success. cV=bwMh6RxfJ/2ZwezyPHi2+U.0;server=akswtt22200000d;cloudType=Consumer;environment=Prod_brazilsouth_prod-s01-001-sam-brazilsouth;migrationStage=NotStarted}
{"logTime": "1127/015119", "correlationVector":"9zfQj2MWzc9qkEbWEuq3VV","action":"Commit Request", "result":"", "context":Item count: 40
Contributing types: Passwords}
{"logTime": "1127/015122", "correlationVector":"9zfQj2MWzc9qkEbWEuq3VV.1","action":"SyncServerConnectionManagerRequest", "result":"SYNC_SERVER_OK", "context":{"environment":"Prod_brazilsouth_prod-s01-001-sam-brazilsouth", "migrationStage":"NotStarted", "server":"akswtt22200000f"}}
{"logTime": "1127/015122", "correlationVector":"9zfQj2MWzc9qkEbWEuq3VV.2","action":"Commit Response", "result":"Success", "context":Result: Success. cV=9zfQj2MWzc9qkEbWEuq3VV.0;server=akswtt22200000f;cloudType=Consumer;environment=Prod_brazilsouth_prod-s01-001-sam-brazilsouth;migrationStage=NotStarted}
{"logTime": "1127/015122", "correlationVector":"tcDz+0c3pqvqZgAPGbFmdM","action":"Commit Request", "result":"", "context":Item count: 40
Contributing types: Passwords}
{"logTime": "1127/015124", "correlationVector":"tcDz+0c3pqvqZgAPGbFmdM.1","action":"SyncServerConnectionManagerRequest", "result":"SYNC_SERVER_OK", "context":{"environment":"Prod_brazilsouth_prod-s01-001-sam-brazilsouth", "migrationStage":"NotStarted", "server":"akswtt222000003"}}
{"logTime": "1127/015124", "correlationVector":"tcDz+0c3pqvqZgAPGbFmdM.2","action":"Commit Response", "result":"Success", "context":Result: Success. cV=tcDz+0c3pqvqZgAPGbFmdM.0;server=akswtt222000003;cloudType=Consumer;environment=Prod_brazilsouth_prod-s01-001-sam-brazilsouth;migrationStage=NotStarted}
{"logTime": "1127/015124", "correlationVector":"RRc0sI3WbpOHT1f43wutuQ","action":"Commit Request", "result":"", "context":Item count: 18
Contributing types: Passwords, Sessions, History}
{"logTime": "1127/015126", "correlationVector":"RRc0sI3WbpOHT1f43wutuQ.1","action":"SyncServerConnectionManagerRequest", "result":"SYNC_SERVER_OK", "context":{"environment":"Prod_brazilsouth_prod-s01-001-sam-brazilsouth", "migrationStage":"NotStarted", "server":"akswtt22200000g"}}
{"logTime": "1127/015126", "correlationVector":"RRc0sI3WbpOHT1f43wutuQ.2","action":"Commit Response", "result":"Success", "context":Result: Success. cV=RRc0sI3WbpOHT1f43wutuQ.0;server=akswtt22200000g;cloudType=Consumer;environment=Prod_brazilsouth_prod-s01-001-sam-brazilsouth;migrationStage=NotStarted}
{"logTime": "1127/050045", "correlationVector":"wcZ0ETjEKlMoGzs7CQoIaX.1","action":"SyncServerConnectionManagerRequest", "result":"SYNC_SERVER_OK", "context":{"environment":"Prod_brazilsouth_prod-s01-001-sam-brazilsouth", "migrationStage":"NotStarted", "server":"akswtt22200000r"}}
{"logTime": "1127/050045", "correlationVector":"wcZ0ETjEKlMoGzs7CQoIaX.2","action":"ProcessGetUpdates", "result":"Done", "context":{"dataType":"Encryption Keys", "deleted":"0", "process_failed_to_decrypt":"0", "process_pending_decryption":"0", "process_success":"1", "total":"1"}}
{"logTime": "1127/050046", "correlationVector":"tNFhg7cv5rPiIzc5zyQrmI","action":"SyncServerConnectionManagerRequest", "result":"SYNC_SERVER_OK", "context":{"environment":"", "migrationStage":"", "server":""}}
{"logTime": "1127/050046", "correlationVector":"tNFhg7cv5rPiIzc5zyQrmI.0","action":"EncryptionKeysFetcher.DownloadKeys:", "result":"Success", "context":Key count: 10, Last key timestamp: 2025-09-14T18:11:02Z}
{"logTime": "1127/050046", "correlationVector":"tNFhg7cv5rPiIzc5zyQrmI.1","action":"EncryptionKeysManager::SetEncryptionKeys:", "result":"Success", "context":Key names[10]:[/+vS/vl50FTdYWeWM1o+gSfk7MgoBk5OURS8zQ02QDM0UmHai44pR+zynVlJFn4CkcxR2mmpJFSMfe5eUjkCtg==][7yTjvcUZrUBDdVa+grojwG/0b1BYIPiIsJtezyzGsL9UycvMKJeI94/wma2n78YEOMQrUuFvMXqoMRe3/37BWg==][tbDWGmsAXO/asasb6VD/W/9o/Yh3kq+QOAvhJ3Mzg3uaoIVR7VXQ9n1Pj9UwdlrMVaTnmt4RfXfojBgAjs7Ifw==][kTmdPJ7127OPXLvPJ9Woy84XzsTmPez8vlde/atJQ54DtFT9bBvXI9+yYpEPUDIPC/A7RIzjbEfgXrAStNgHDA==][bv4zyddz/G8RSH2qsi2oqEH/D+KatGg2BPg7u3HDLHcso746E34mHgEr2E7dMdlITMDtWrQq6fyRxTQ01DqQfQ==][jbZcJi2554pDphSjpPueI3RxTq8yTJLM4VFQ93PWjduaACZAPRZWzVtfdM2CyQjYcK8WpLt8+PjMaHXCScaBSg==][iaMvu3PCCoGAAf83c3MJr6nn1CFqG9j41BCnRMa0NBn4gAZMYNvJPRnmqKYzD+pCfelgYrjap+wO/AQKe6VV8w==][39pTuBa66zRINMvZxTfq95wdjfAruNqYdeGttBcJCqyzwAHuKaWL0595E3TCHT62s6ODHB/5EM2VKqVtAna3yQ==][bHPt0fFW+CZ2UFJBsk7wqrMZH1w6JBTNAuGU8dNJMyVTxc/yMPAy1RV066bofNOREJOq2Se0Tczmj/s874WvRA==][FeKWmT/1p06XCStaC3s48m7s50vMFqCm8vNy6B47pSLZ1/hxKSzLJcypob4K33973rdPWES7Gw4NCv2a+oRB/A==]}
{"logTime": "1127/050046", "correlationVector":"tNFhg7cv5rPiIzc5zyQrmI.2","action":"EncryptionKeysManager::SetEncryptionKeysWithTimestamps:", "result":"Success", "context":Key timestamps[10]:[2023-02-09T23:30:07Z][2023-08-11T01:57:14Z][2024-01-20T22:38:14Z][2024-03-18T03:01:58Z][2024-06-08T21:29:14Z][2024-06-19T02:04:55Z][2024-08-20T03:38:51Z][2024-08-25T14:52:40Z][2025-02-25T04:01:10Z][2025-09-14T18:11:02Z]}
{"logTime": "1127/050046", "correlationVector":"wcZ0ETjEKlMoGzs7CQoIaX","action":"Initial GetUpdates", "result":"", "context":Reason: NEW_CLIENT. cV=wcZ0ETjEKlMoGzs7CQoIaX}
{"logTime": "1127/050046", "correlationVector":"wcZ0ETjEKlMoGzs7CQoIaX.3","action":"GetUpdates Response", "result":"Success", "context":Received 1 update(s). cV=wcZ0ETjEKlMoGzs7CQoIaX.0;server=akswtt22200000r;cloudType=Consumer;environment=Prod_brazilsouth_prod-s01-001-sam-brazilsouth;migrationStage=NotStarted}
{"logTime": "1127/050046", "correlationVector":"UCVeruvCkxnOXWouuBQgXZ","action":"Initial GetUpdates", "result":"", "context":Reason: NEWLY_SUPPORTED_DATATYPE. cV=UCVeruvCkxnOXWouuBQgXZ}
{"logTime": "1127/050046", "correlationVector":"UCVeruvCkxnOXWouuBQgXZ.1","action":"SyncServerConnectionManagerRequest", "result":"SYNC_SERVER_OK", "context":{"environment":"Prod_brazilsouth_prod-s01-001-sam-brazilsouth", "migrationStage":"NotStarted", "server":"akswtt22200000g"}}
{"logTime": "1127/050046", "correlationVector":"UCVeruvCkxnOXWouuBQgXZ.2","action":"ProcessGetUpdates", "result":"Done", "context":{"dataType":"Passwords", "deleted":"0", "process_failed_to_decrypt":"0", "process_pending_decryption":"0", "process_success":"132", "total":"132"}}
{"logTime": "1127/050046", "correlationVector":"UCVeruvCkxnOXWouuBQgXZ.3","action":"GetUpdates Response", "result":"Success", "context":Received 132 update(s). cV=UCVeruvCkxnOXWouuBQgXZ.0;server=akswtt22200000g;cloudType=Consumer;environment=Prod_brazilsouth_prod-s01-001-sam-brazilsouth;migrationStage=NotStarted}
{"logTime": "1127/050046", "correlationVector":"Mbx8MDWmb4bO1t6U8/X6wu","action":"Normal GetUpdate request", "result":"", "context":cV=Mbx8MDWmb4bO1t6U8/X6wu
Nudged types: Sessions, History
Refresh requested types: Bookmarks, Preferences, Passwords, Autofill Profiles, Autofill, Extensions, Sessions, Extension settings, History Delete Directives, Device Info, User Consents, Send Tab To Self, Web Apps, History, Saved Tab Group, WebAuthn Credentials, Collection, Edge E Drop, Edge Hub App Usage, Edge Wallet, Encryption Keys}
{"logTime": "1127/050046", "correlationVector":"Mbx8MDWmb4bO1t6U8/X6wu.1","action":"SyncServerConnectionManagerRequest", "result":"SYNC_SERVER_OK", "context":{"environment":"Prod_brazilsouth_prod-s01-001-sam-brazilsouth", "migrationStage":"NotStarted", "server":"akswtt222000012"}}
{"logTime": "1127/050046", "correlationVector":"Mbx8MDWmb4bO1t6U8/X6wu.2","action":"ProcessGetUpdates", "result":"Done", "context":{"dataType":"Preferences", "deleted":"0", "process_failed_to_decrypt":"0", "process_pending_decryption":"0", "process_success":"1", "total":"1"}}
{"logTime": "1127/050046", "correlationVector":"Mbx8MDWmb4bO1t6U8/X6wu.3","action":"ProcessGetUpdates", "result":"Done", "context":{"dataType":"Sessions", "deleted":"1", "process_failed_to_decrypt":"0", "process_pending_decryption":"0", "process_success":"3", "total":"3"}}
{"logTime": "1127/050046", "correlationVector":"Mbx8MDWmb4bO1t6U8/X6wu.4","action":"ProcessGetUpdates", "result":"Done", "context":{"dataType":"Device Info", "deleted":"0", "process_failed_to_decrypt":"0", "process_pending_decryption":"0", "process_success":"1", "total":"1"}}
{"logTime": "1127/050046", "correlationVector":"Mbx8MDWmb4bO1t6U8/X6wu.5","action":"ProcessGetUpdates", "result":"Done", "context":{"dataType":"History", "deleted":"0", "process_failed_to_decrypt":"0", "process_pending_decryption":"0", "process_success":"25", "total":"25"}}
{"logTime": "1127/050046", "correlationVector":"Mbx8MDWmb4bO1t6U8/X6wu.6","action":"GetUpdates Response", "result":"Success", "context":Received 30 update(s). cV=Mbx8MDWmb4bO1t6U8/X6wu.0;server=akswtt222000012;cloudType=Consumer;environment=Prod_brazilsouth_prod-s01-001-sam-brazilsouth;migrationStage=NotStarted}
{"logTime": "1127/050148", "correlationVector":"zI29J7qj77MBsYN24F+iVv","action":"Commit Request", "result":"", "context":Item count: 9
Contributing types: Sessions, History}
{"logTime": "1127/050150", "correlationVector":"zI29J7qj77MBsYN24F+iVv.1","action":"SyncServerConnectionManagerRequest", "result":"SYNC_SERVER_OK", "context":{"environment":"Prod_brazilsouth_prod-s01-001-sam-brazilsouth", "migrationStage":"NotStarted", "server":"akswtt222000012"}}
{"logTime": "1127/050150", "correlationVector":"zI29J7qj77MBsYN24F+iVv.2","action":"Commit Response", "result":"Success", "context":Result: Success. cV=zI29J7qj77MBsYN24F+iVv.0;server=akswtt222000012;cloudType=Consumer;environment=Prod_brazilsouth_prod-s01-001-sam-brazilsouth;migrationStage=NotStarted}
